<?xml version="1.0" encoding="UTF-8"?>
<!-- Generated by org.testng.reporters.JUnitReportReporter -->
<testsuite skipped="0" hostname="parag_dhoble" name="com.paragdhoble.github.testcases.HomePageTest" tests="1" failures="0" timestamp="2020-04-15T18:30:32 IST" time="18.063" errors="0">
  <testcase name="validateTittleHomePage" time="18.063" classname="com.paragdhoble.github.testcases.HomePageTest"/>
</testsuite> <!-- com.paragdhoble.github.testcases.HomePageTest -->
