<?xml version="1.0" encoding="UTF-8"?>
<!-- Generated by org.testng.reporters.JUnitReportReporter -->
<testsuite skipped="0" hostname="parag_dhoble" name="com.paragdhoble.github.testcases.LoginPageTest" tests="1" failures="0" timestamp="2020-04-15T18:30:32 IST" time="19.903" errors="0">
  <testcase name="loginValidation" time="19.903" classname="com.paragdhoble.github.testcases.LoginPageTest"/>
</testsuite> <!-- com.paragdhoble.github.testcases.LoginPageTest -->
